What we're watching and what's new, in your inbox every week.
 <https://tv.youtube.com> 	
What we're watching and what's new, in your inbox every week.
	
  	
	
 	 
Sunday football is happening all day while you work through your leftovers

 	 
 <https://tv.youtube.com/browse/UC9v3ZlcL7I4uB564uGYQ0aA> 
 <https://www.emailimagecdnmr47.com/m1djbnlspf/en_us/images/5bf89012c4f02-1543016466.8067.png> 

Patriots vs. Jets

Sun | CBS | 1p ET (kickoff)

 <https://tv.youtube.com/browse/UCpY111iUf28X9Bm-TqoFvAQ> 
 <https://www.emailimagecdnmr47.com/m1djbnlspf/en_us/images/5bf88ec277943-1543016130.4898.png> 

Packers vs. Vikings

Sun | NBC | 7p ET (pregame) | 8:20p ET (kickoff)

	
  	
	
 	 
The newest true crime anthology hit series

 	 
<https://tv.youtube.com/browse/UCXmcKPI26cKlweNRqVUCVEQ> 
 <https://www.emailimagecdnmr47.com/m1djbnlspf/en_us/images/5bf27189ef5c6-1542615433.9804.jpg> 	
 <https://www.emailimagecdnmr47.com/m1djbnlspf/en_us/images/5bf27189ef5c6-1542615433.9804.jpg> 	
 	 
 	 
Dirty John
Sat | Bravo | 10/9c
 	 
	
  	
	
 	 
See ordinary families transform their homes into spectacular holiday light displays

 	 
<https://tv.youtube.com/browse/UCZfyUTj_ckOjGXdqaL6TMEA> 
 <https://www.emailimagecdnmr47.com/m1djbnlspf/en_us/images/5beb4f028d762-1542147842.5794.jpg> 	
 <https://www.emailimagecdnmr47.com/m1djbnlspf/en_us/images/5beb4f028d762-1542147842.5794.jpg> 	
 	 
The Great Christmas Light Fight
Mon | ABC | 8/7c

 	 
	
  	
	
 	 
Adam challenges more commonly-held beliefs - for a third season

 	 
<https://tv.youtube.com/browse/UCokLho3I5zkkp-Dg6LlRylw> 
 <https://www.emailimagecdnmr47.com/m1djbnlspf/en_us/images/5bf4cbb3d8f97-1542769587.8887.jpg> 	
 <https://www.emailimagecdnmr47.com/m1djbnlspf/en_us/images/5bf4cbb3d8f97-1542769587.8887.jpg> 	
 	 
Adam Ruins Everything
Mon | TruTV | 10/9c
 	 
	
  	
	
 	 
A star-studded event to celebrate lighting the famous tree

 	 
<https://tv.youtube.com/browse/UCoBQv4Tvg2KVbvCDKx8DZog> 
 <https://www.emailimagecdnmr47.com/m1djbnlspf/en_us/images/5bf26e707062f-1542614640.4603.jpg> 	
 <https://www.emailimagecdnmr47.com/m1djbnlspf/en_us/images/5bf26e707062f-1542614640.4603.jpg> 	
 	 
Christmas in Rockefeller Center
Wed | NBC | 8p ET
 	 
	
  	
	
 	 
Nicolas Cage puts on an astonishing performance in this horror-thriller
 	 
<https://tv.youtube.com/settings/subscriptions> 
 <https://www.emailimagecdnmr47.com/m1djbnlspf/en_us/images/5be603242f3c5-1541800740.1935.jpg> 	
 <https://www.emailimagecdnmr47.com/m1djbnlspf/en_us/images/5be603242f3c5-1541800740.1935.jpg> 	
 	 
Mandy
Shudder | Available on-demand on 11/29

Don't have Shudder?  Use your computer to add it to your subscription in your account settings. Available for an extra charge.

 	 
	
  	
	
 	 
Don't forget, you can set reminders for all of the shows, games, news, movies, specials, etc, etc, etc on YouTube TV.
 	 
SET REMINDERS <http://tv.youtube.com> 	
 	 
Tap the bell to get started. Notifications available on mobile only.
 	 
	
  	
	
 	 
 <https://www.emailimagecdnmr47.com/m1djbnlspf/en_us/images/title-happy-watching.png> 	
 <https://www.emailimagecdnmr47.com/m1djbnlspf/en_us/images/yt_header_default.png> 	
 @YouTubeTV <https://www.twitter.com/youtubetv> 

Need help? Reach us anytime (like...24 hours a day)
through phone, email, or chat support. 	
 <https://support.google.com/youtubetv/?p=contact_us> 	 <https://support.google.com/youtubetv/?p=contact_us> 	 <https://support.google.com/youtubetv/?p=contact_us> 	
	
  	
	
© 2018 YouTube LLC, 901 Cherry Avenue, San Bruno, CA 94066

P.S. We sent this email to corey.lexmark.test@gmail.com <mailto:corey.lexmark.test@gmail.com>   because you’re a YouTube TV member. If you don't want to receive occasional updates, announcements, or videos from us, go ahead and unsubscribe here <http://www.google.com/appserve/mkt/p/ABMBUQNdY62eBJMgL_jyANpA4cIF4GvheNgNIciiOPyOoTtRnHloxJPid4kBR84L6Ha92BNmk2kFE_bpXOcbq8pKo_OWzYxLuEL2dxVyHTcri8wQSpyKAO5XFbEigP0v4SoFz1oSeRnbq4ZS_0KKkv0sBOKSd4Vrb1ZGPZPyHYiQH7vgZaftirhMKan0em9vU15rgYFCkHh0D8CThWvMWuYPO32WcJ-7EXZKRuKjtFaYdCsBw2ZzOleCStItJNoaR-d4Qr_kQ7R5kBZY> . You can also change your preferences by visiting your email options <http://www.google.com/appserve/mkt/p/ABMBUQMR-kJkZeFdLYGaLEq7M4__9xHu0SZPVStmQ8sM99AbjHHgN4CxZZ3ACHLQH-VM3bjNAbG1bqDDDT06vgZ3SRw-OikHlNekdIjLH9VWNJcEzlCINay9aCgSsLb2scQeYxUftnA>  in your YouTube account.
 <https://www.google.com/appserve/mkt/img/ABMBUQM38wQUhzu2SHfQzP8FhltLoUzX48Ny0FRDbvo4nVY.gif> 

