What we're watching and what's new, in your inbox every week.
 <https://tv.youtube.com> 	
What we're watching and what's new, in your inbox every week.
	
  	
	
 	 
Tune in on Thanksgiving - because what else are you going to do in that food coma

 	 
 <https://tv.youtube.com/browse/UCI_H5SZW5Z7S_L3KVy0M5PQ> 
 <https://www.emailimagecdnmr47.com/6w0vnz1b25/en_us/images/5beb487e67699-1542146174.4236.png> 

Macy’s Thanksgiving Day Parade

NBC | 9a ET

 <https://tv.youtube.com/browse/UC_02tmv1AlqRlUIi8wM6weA?btab=schedule> 
 <https://www.emailimagecdnmr47.com/6w0vnz1b25/en_us/images/5be5c0687d73a-1541783656.5139.png> 

Bears vs. Lions

CBS | 12:30p ET

 <https://tv.youtube.com/browse/UC_02tmv1AlqRlUIi8wM6weA?btab=schedule> 
 <https://www.emailimagecdnmr47.com/6w0vnz1b25/en_us/images/5be5c07b2af00-1541783675.1759.png> 

Redskins vs. Cowboys


FOX | 4:30p ET

 <https://tv.youtube.com/browse/UC_02tmv1AlqRlUIi8wM6weA?btab=schedule> 
 <https://www.emailimagecdnmr47.com/6w0vnz1b25/en_us/images/5be5c089eb982-1541783689.965.png> 

Falcons vs. Saints


NBC | 8:20p ET

 	 
	
  	
	
 	 
 <https://tv.youtube.com> 
 <https://www.emailimagecdnmr47.com/6w0vnz1b25/en_us/images/5bef36b5399ae-1542403765.236.png> 

Gather 'round the big screen


Grab a spot on the couch with your family and friends this Thanksgiving and watch some Turkey day football, parades, and holiday movies.

 


Get the app for your big screen - available on Android, Roku, Samsung, LG, or devices like Apple TV, Xbox One, and Chromecast - and gather around the TV post-turkey.

 	 
	
  	
	
 	 
A colorful look at America in the early 20th century
 	 
<https://tv.youtube.com/browse/UC_mWeCp34OKbt_tSoBB-jmg> 
 <https://www.emailimagecdnmr47.com/6w0vnz1b25/en_us/images/5be0d08b9915d-1541460107.627.jpg> 	
 <https://www.emailimagecdnmr47.com/6w0vnz1b25/en_us/images/5be0d08b9915d-1541460107.627.jpg> 	
 	 
America in Color
Sun | Smithsonian | 8p
 	 
	
  	
	
 	 
A powerful examination of morality and justice in one of the most volatile regions of the world
 	 
<https://tv.youtube.com/browse/UCrp1Mujjyei8K6DccQPyUZQ> 
 <https://www.emailimagecdnmr47.com/6w0vnz1b25/en_us/images/5beca670d7029-1542235760.8807.jpg> 	
 <https://www.emailimagecdnmr47.com/6w0vnz1b25/en_us/images/5beca670d7029-1542235760.8807.jpg> 	
 	 
The Little Drummer Girl

Mon | AMC | 9p
 	 
	
  	
	
 	 
You cooked and cleaned all day, let the kids do some of the work

 	 
<https://tv.youtube.com/browse/UCNFLiVU1oPUkibLItK9dSdg> 
 <https://www.emailimagecdnmr47.com/6w0vnz1b25/en_us/images/5bef30e97d5c4-1542402281.5135.jpg> 	
 <https://www.emailimagecdnmr47.com/6w0vnz1b25/en_us/images/5bef30e97d5c4-1542402281.5135.jpg> 	
 	 
MasterChef Junior: Celebrity Showdown
Thu | FOX | 8p

 	 
	
  	
	
 	 
A limited event series based on the stranger-than-fiction prison break in upstate New York
 	 
<https://tv.youtube.com/settings/subscriptions> 
 <https://www.emailimagecdnmr47.com/6w0vnz1b25/en_us/images/5bed4b099c3f9-1542277897.64.jpg> 	
 <https://www.emailimagecdnmr47.com/6w0vnz1b25/en_us/images/5bed4b099c3f9-1542277897.64.jpg> 	
 	 
Escape at Dannemora
Sun | SHOWTIME | 10p ET/PT

Don't have SHOWTIME®? Use your computer to add it in your account settings. Available for an extra charge.

 	 
	
  	
	
 	 
Don't forget, you can set reminders for all of the shows, games, news, movies, specials, etc, etc, etc on YouTube TV.
 	 
SET REMINDERS <http://tv.youtube.com> 	
 	 
Tap the bell to get started. Notifications available on mobile only.
 	 
	
  	
	
 	 
 <https://www.emailimagecdnmr47.com/6w0vnz1b25/en_us/images/title-happy-watching.png> 	
 <https://www.emailimagecdnmr47.com/6w0vnz1b25/en_us/images/yt_header_default.png> 	
 @YouTubeTV <https://www.twitter.com/youtubetv> 

Need help? Reach us anytime (like...24 hours a day)
through phone, email, or chat support. 	
 <https://support.google.com/youtubetv/?p=contact_us> 	 <https://support.google.com/youtubetv/?p=contact_us> 	 <https://support.google.com/youtubetv/?p=contact_us> 	
	
  	
	
All trademarks are property of their respective owners. SHOWTIME@ is a registered trademark of Showtime Networks Inc., a CBS Company. All rights reserved.  Escape at Dannemora © Showtime Networks Inc. All Rights Reserved.

© 2018 YouTube LLC, 901 Cherry Avenue, San Bruno, CA 94066 
P.S. We sent this email to corey.lexmark.test@gmail.com <mailto:corey.lexmark.test@gmail.com>   because you’re a YouTube TV member. If you don't want to receive occasional updates, announcements, or videos from us, go ahead and unsubscribe here <http://www.google.com/appserve/mkt/p/ABMBUQOb3AnpEk56CuFaEtmIPu00vypQWKKCvbpd5V1UFeFGV1u4hHIPIvUUXSd_i1wgDOMdE06G3vDnTS5pg6XB0C4mie6gcluqdZD5Hig7mux_tjZ3PDpSDAY9jeUU3AXZdVAPyipHC6Tsb__cVAwq3pl3WEc1ph8WRzCVWIZ5P0BqwCvVASF-XJGuKZPaEDa8B1oVFlqhgZwhiXa0rHqR0KUN-wX7VIU253EwehtM6F9-QJIPdiSUCW_zow9o18NevoylubPkO40cRg> . You can also change your preferences by visiting your email options <http://www.google.com/appserve/mkt/p/ABMBUQNMZhbg0SczBqA7tybc8InmDWMHI8GCMgpuerLc-o9EC3Lqu3A96k1oLw9eM8hyS9zUqJ-txBQQZ9-s4unzJzR5ag3sn1wR4srHMm8xw9bgj6rgUr38S_A869768pMIBuNqEjza>  in your YouTube account.
 <https://www.google.com/appserve/mkt/img/ABMBUQN_cpAtrRCnNNZSk1XMT8_c9GZMtbqT80ecXCpuf7v9.gif> 

